# JRE version: OpenJDK Runtime Environment (17.0.17+10) (build 17.0.17+10-Ubuntu-122.04)
# Java VM: OpenJDK 64-Bit Server VM (17.0.17+10-Ubuntu-122.04, mixed mode, emulated-client, sharing, tiered, compressed oops, compressed class ptrs, g1 gc, linux-amd64)
GC Precious Log:
 CPUs: 8 total, 8 available
 Memory: 7718M
 Large Page Support: Disabled
 NUMA Support: Disabled
 Compressed Oops: Enabled (32-bit)
 Heap Region Size: 1M
 Heap Min Capacity: 8M
 Heap Initial Capacity: 122M
 Heap Max Capacity: 1930M
 Pre-touch: Disabled
 Parallel Workers: 8
 Concurrent Workers: 2
 Concurrent Refinement Workers: 8
 Periodic GC: Disabled
Heap:
 garbage-first heap   total 195584K, used 135473K [0x0000000087600000, 0x0000000100000000)
  region size 1024K, 80 young (81920K), 10 survivors (10240K)
 Metaspace       used 74323K, committed 74944K, reserved 1114112K
  class space    used 11159K, committed 11456K, reserved 1048576K
GC Heap History (20 events):
Event: 5.116 GC heap after
{Heap after GC invocations=17 (full 0):
 garbage-first heap   total 86016K, used 36966K [0x0000000087600000, 0x0000000100000000)
  region size 1024K, 4 young (4096K), 4 survivors (4096K)
 Metaspace       used 69134K, committed 69696K, reserved 1114112K
  class space    used 10421K, committed 10688K, reserved 1048576K
}
Event: 5.199 GC heap before
{Heap before GC invocations=17 (full 0):
 garbage-first heap   total 86016K, used 65638K [0x0000000087600000, 0x0000000100000000)
  region size 1024K, 32 young (32768K), 4 survivors (4096K)
 Metaspace       used 70473K, committed 70976K, reserved 1114112K
  class space    used 10589K, committed 10816K, reserved 1048576K
}
Event: 5.201 GC heap after
{Heap after GC invocations=18 (full 0):
 garbage-first heap   total 103424K, used 38266K [0x0000000087600000, 0x0000000100000000)
  region size 1024K, 3 young (3072K), 3 survivors (3072K)
 Metaspace       used 70473K, committed 70976K, reserved 1114112K
  class space    used 10589K, committed 10816K, reserved 1048576K
}
Event: 5.295 GC heap before
{Heap before GC invocations=18 (full 0):
 garbage-first heap   total 103424K, used 79226K [0x0000000087600000, 0x0000000100000000)
  region size 1024K, 43 young (44032K), 3 survivors (3072K)
 Metaspace       used 70480K, committed 70976K, reserved 1114112K
  class space    used 10590K, committed 10816K, reserved 1048576K
}
Event: 5.297 GC heap after
{Heap after GC invocations=19 (full 0):
 garbage-first heap   total 103424K, used 37612K [0x0000000087600000, 0x0000000100000000)
  region size 1024K, 2 young (2048K), 2 survivors (2048K)
 Metaspace       used 70480K, committed 70976K, reserved 1114112K
  class space    used 10590K, committed 10816K, reserved 1048576K
}
Event: 5.380 GC heap before
{Heap before GC invocations=19 (full 0):
 garbage-first heap   total 103424K, used 80620K [0x0000000087600000, 0x0000000100000000)
  region size 1024K, 44 young (45056K), 2 survivors (2048K)
 Metaspace       used 70481K, committed 70976K, reserved 1114112K
  class space    used 10590K, committed 10816K, reserved 1048576K
}
Event: 5.381 GC heap after
{Heap after GC invocations=20 (full 0):
 garbage-first heap   total 103424K, used 38243K [0x0000000087600000, 0x0000000100000000)
  region size 1024K, 3 young (3072K), 3 survivors (3072K)
 Metaspace       used 70481K, committed 70976K, reserved 1114112K
  class space    used 10590K, committed 10816K, reserved 1048576K
}
Event: 5.498 GC heap before
{Heap before GC invocations=20 (full 0):
 garbage-first heap   total 103424K, used 81251K [0x0000000087600000, 0x0000000100000000)
  region size 1024K, 45 young (46080K), 3 survivors (3072K)
 Metaspace       used 70666K, committed 71232K, reserved 1114112K
  class space    used 10629K, committed 10880K, reserved 1048576K
}
Event: 5.500 GC heap after
{Heap after GC invocations=21 (full 0):
 garbage-first heap   total 103424K, used 37793K [0x0000000087600000, 0x0000000100000000)
  region size 1024K, 3 young (3072K), 3 survivors (3072K)
 Metaspace       used 70666K, committed 71232K, reserved 1114112K
  class space    used 10629K, committed 10880K, reserved 1048576K
}
Event: 5.613 GC heap before
{Heap before GC invocations=21 (full 0):
 garbage-first heap   total 103424K, used 81825K [0x0000000087600000, 0x0000000100000000)
  region size 1024K, 46 young (47104K), 3 survivors (3072K)
 Metaspace       used 70720K, committed 71296K, reserved 1114112K
  class space    used 10635K, committed 10880K, reserved 1048576K
}
Event: 5.617 GC heap after
{Heap after GC invocations=22 (full 0):
 garbage-first heap   total 124928K, used 41790K [0x0000000087600000, 0x0000000100000000)
  region size 1024K, 6 young (6144K), 6 survivors (6144K)
 Metaspace       used 70720K, committed 71296K, reserved 1114112K
  class space    used 10635K, committed 10880K, reserved 1048576K
}
Event: 5.811 GC heap before
{Heap before GC invocations=22 (full 0):
 garbage-first heap   total 124928K, used 99134K [0x0000000087600000, 0x0000000100000000)
  region size 1024K, 62 young (63488K), 6 survivors (6144K)
 Metaspace       used 70915K, committed 71488K, reserved 1114112K
  class space    used 10657K, committed 10944K, reserved 1048576K
}
Event: 5.815 GC heap after
{Heap after GC invocations=23 (full 0):
 garbage-first heap   total 124928K, used 46031K [0x0000000087600000, 0x0000000100000000)
  region size 1024K, 5 young (5120K), 5 survivors (5120K)
 Metaspace       used 70915K, committed 71488K, reserved 1114112K
  class space    used 10657K, committed 10944K, reserved 1048576K
}
Event: 5.909 GC heap before
{Heap before GC invocations=23 (full 0):
 garbage-first heap   total 124928K, used 98255K [0x0000000087600000, 0x0000000100000000)
  region size 1024K, 56 young (57344K), 5 survivors (5120K)
 Metaspace       used 70916K, committed 71488K, reserved 1114112K
  class space    used 10657K, committed 10944K, reserved 1048576K
}
Event: 5.916 GC heap after
{Heap after GC invocations=24 (full 0):
 garbage-first heap   total 124928K, used 55384K [0x0000000087600000, 0x0000000100000000)
  region size 1024K, 7 young (7168K), 7 survivors (7168K)
 Metaspace       used 70916K, committed 71488K, reserved 1114112K
  class space    used 10657K, committed 10944K, reserved 1048576K
}
Event: 5.978 GC heap before
{Heap before GC invocations=24 (full 0):
 garbage-first heap   total 124928K, used 90200K [0x0000000087600000, 0x0000000100000000)
  region size 1024K, 41 young (41984K), 7 survivors (7168K)
 Metaspace       used 70935K, committed 71488K, reserved 1114112K
  class space    used 10664K, committed 10944K, reserved 1048576K
}
Event: 5.984 GC heap after
{Heap after GC invocations=25 (full 0):
 garbage-first heap   total 124928K, used 58949K [0x0000000087600000, 0x0000000100000000)
  region size 1024K, 4 young (4096K), 4 survivors (4096K)
 Metaspace       used 70935K, committed 71488K, reserved 1114112K
  class space    used 10664K, committed 10944K, reserved 1048576K
}
Event: 6.058 GC heap before
{Heap before GC invocations=25 (full 0):
 garbage-first heap   total 124928K, used 91717K [0x0000000087600000, 0x0000000100000000)
  region size 1024K, 36 young (36864K), 4 survivors (4096K)
 Metaspace       used 70936K, committed 71488K, reserved 1114112K
  class space    used 10664K, committed 10944K, reserved 1048576K
}
Event: 6.065 GC heap after
{Heap after GC invocations=26 (full 0):
 garbage-first heap   total 195584K, used 65841K [0x0000000087600000, 0x0000000100000000)
  region size 1024K, 5 young (5120K), 5 survivors (5120K)
 Metaspace       used 70936K, committed 71488K, reserved 1114112K
  class space    used 10664K, committed 10944K, reserved 1048576K
}
Event: 6.613 GC heap before
{Heap before GC invocations=27 (full 0):
 garbage-first heap   total 195584K, used 135473K [0x0000000087600000, 0x0000000100000000)
  region size 1024K, 75 young (76800K), 5 survivors (5120K)
 Metaspace       used 74323K, committed 74944K, reserved 1114112K
  class space    used 11159K, committed 11456K, reserved 1048576K
}

