# JRE version: OpenJDK Runtime Environment (17.0.17+10) (build 17.0.17+10-Ubuntu-122.04)
# Java VM: OpenJDK 64-Bit Server VM (17.0.17+10-Ubuntu-122.04, mixed mode, emulated-client, sharing, tiered, compressed oops, compressed class ptrs, g1 gc, linux-amd64)
GC Precious Log:
 CPUs: 8 total, 8 available
 Memory: 7718M
 Large Page Support: Disabled
 NUMA Support: Disabled
 Compressed Oops: Enabled (32-bit)
 Heap Region Size: 1M
 Heap Min Capacity: 8M
 Heap Initial Capacity: 122M
 Heap Max Capacity: 1930M
 Pre-touch: Disabled
 Parallel Workers: 8
 Concurrent Workers: 2
 Concurrent Refinement Workers: 8
 Periodic GC: Disabled
Heap:
 garbage-first heap   total 103424K, used 80245K [0x0000000087600000, 0x0000000100000000)
  region size 1024K, 52 young (53248K), 6 survivors (6144K)
 Metaspace       used 69504K, committed 70080K, reserved 1114112K
  class space    used 10417K, committed 10688K, reserved 1048576K
GC Heap History (20 events):
Event: 0.601 GC heap after
{Heap after GC invocations=2 (full 0):
 garbage-first heap   total 126976K, used 12439K [0x0000000087600000, 0x0000000100000000)
  region size 1024K, 3 young (3072K), 3 survivors (3072K)
 Metaspace       used 10265K, committed 10560K, reserved 1114112K
  class space    used 1577K, committed 1728K, reserved 1048576K
}
Event: 0.975 GC heap before
{Heap before GC invocations=2 (full 0):
 garbage-first heap   total 126976K, used 71831K [0x0000000087600000, 0x0000000100000000)
  region size 1024K, 62 young (63488K), 3 survivors (3072K)
 Metaspace       used 19882K, committed 20224K, reserved 1114112K
  class space    used 2851K, committed 3008K, reserved 1048576K
}
Event: 0.982 GC heap after
{Heap after GC invocations=3 (full 0):
 garbage-first heap   total 126976K, used 18041K [0x0000000087600000, 0x0000000100000000)
  region size 1024K, 8 young (8192K), 8 survivors (8192K)
 Metaspace       used 19882K, committed 20224K, reserved 1114112K
  class space    used 2851K, committed 3008K, reserved 1048576K
}
Event: 1.091 GC heap before
{Heap before GC invocations=3 (full 0):
 garbage-first heap   total 126976K, used 30329K [0x0000000087600000, 0x0000000100000000)
  region size 1024K, 21 young (21504K), 8 survivors (8192K)
 Metaspace       used 21161K, committed 21504K, reserved 1114112K
  class space    used 3036K, committed 3200K, reserved 1048576K
}
Event: 1.100 GC heap after
{Heap after GC invocations=4 (full 0):
 garbage-first heap   total 126976K, used 18408K [0x0000000087600000, 0x0000000100000000)
  region size 1024K, 1 young (1024K), 1 survivors (1024K)
 Metaspace       used 21161K, committed 21504K, reserved 1114112K
  class space    used 3036K, committed 3200K, reserved 1048576K
}
Event: 1.528 GC heap before
{Heap before GC invocations=5 (full 0):
 garbage-first heap   total 71680K, used 58344K [0x0000000087600000, 0x0000000100000000)
  region size 1024K, 41 young (41984K), 1 survivors (1024K)
 Metaspace       used 26652K, committed 27072K, reserved 1114112K
  class space    used 3831K, committed 4032K, reserved 1048576K
}
Event: 1.534 GC heap after
{Heap after GC invocations=6 (full 0):
 garbage-first heap   total 71680K, used 21093K [0x0000000087600000, 0x0000000100000000)
  region size 1024K, 4 young (4096K), 4 survivors (4096K)
 Metaspace       used 26652K, committed 27072K, reserved 1114112K
  class space    used 3831K, committed 4032K, reserved 1048576K
}
Event: 1.872 GC heap before
{Heap before GC invocations=6 (full 0):
 garbage-first heap   total 71680K, used 48741K [0x0000000087600000, 0x0000000100000000)
  region size 1024K, 32 young (32768K), 4 survivors (4096K)
 Metaspace       used 32753K, committed 33152K, reserved 1114112K
  class space    used 4717K, committed 4928K, reserved 1048576K
}
Event: 1.884 GC heap after
{Heap after GC invocations=7 (full 0):
 garbage-first heap   total 86016K, used 23837K [0x0000000087600000, 0x0000000100000000)
  region size 1024K, 3 young (3072K), 3 survivors (3072K)
 Metaspace       used 32753K, committed 33152K, reserved 1114112K
  class space    used 4717K, committed 4928K, reserved 1048576K
}
Event: 2.022 GC heap before
{Heap before GC invocations=7 (full 0):
 garbage-first heap   total 86016K, used 36125K [0x0000000087600000, 0x0000000100000000)
  region size 1024K, 16 young (16384K), 3 survivors (3072K)
 Metaspace       used 35795K, committed 36160K, reserved 1114112K
  class space    used 5131K, committed 5312K, reserved 1048576K
}
Event: 2.028 GC heap after
{Heap after GC invocations=8 (full 0):
 garbage-first heap   total 86016K, used 24656K [0x0000000087600000, 0x0000000100000000)
  region size 1024K, 1 young (1024K), 1 survivors (1024K)
 Metaspace       used 35795K, committed 36160K, reserved 1114112K
  class space    used 5131K, committed 5312K, reserved 1048576K
}
Event: 2.543 GC heap before
{Heap before GC invocations=9 (full 0):
 garbage-first heap   total 86016K, used 62544K [0x0000000087600000, 0x0000000100000000)
  region size 1024K, 38 young (38912K), 1 survivors (1024K)
 Metaspace       used 47968K, committed 48448K, reserved 1114112K
  class space    used 6882K, committed 7104K, reserved 1048576K
}
Event: 2.548 GC heap after
{Heap after GC invocations=10 (full 0):
 garbage-first heap   total 86016K, used 26820K [0x0000000087600000, 0x0000000100000000)
  region size 1024K, 3 young (3072K), 3 survivors (3072K)
 Metaspace       used 47968K, committed 48448K, reserved 1114112K
  class space    used 6882K, committed 7104K, reserved 1048576K
}
Event: 2.961 GC heap before
{Heap before GC invocations=11 (full 0):
 garbage-first heap   total 86016K, used 63684K [0x0000000087600000, 0x0000000100000000)
  region size 1024K, 39 young (39936K), 3 survivors (3072K)
 Metaspace       used 54447K, committed 54976K, reserved 1114112K
  class space    used 7879K, committed 8128K, reserved 1048576K
}
Event: 2.967 GC heap after
{Heap after GC invocations=12 (full 0):
 garbage-first heap   total 86016K, used 29242K [0x0000000087600000, 0x0000000100000000)
  region size 1024K, 5 young (5120K), 5 survivors (5120K)
 Metaspace       used 54447K, committed 54976K, reserved 1114112K
  class space    used 7879K, committed 8128K, reserved 1048576K
}
Event: 3.316 GC heap before
{Heap before GC invocations=12 (full 0):
 garbage-first heap   total 86016K, used 65082K [0x0000000087600000, 0x0000000100000000)
  region size 1024K, 40 young (40960K), 5 survivors (5120K)
 Metaspace       used 58796K, committed 59328K, reserved 1114112K
  class space    used 8594K, committed 8832K, reserved 1048576K
}
Event: 3.325 GC heap after
{Heap after GC invocations=13 (full 0):
 garbage-first heap   total 86016K, used 30371K [0x0000000087600000, 0x0000000100000000)
  region size 1024K, 4 young (4096K), 4 survivors (4096K)
 Metaspace       used 58796K, committed 59328K, reserved 1114112K
  class space    used 8594K, committed 8832K, reserved 1048576K
}
Event: 4.192 GC heap before
{Heap before GC invocations=13 (full 0):
 garbage-first heap   total 86016K, used 66211K [0x0000000087600000, 0x0000000100000000)
  region size 1024K, 39 young (39936K), 4 survivors (4096K)
 Metaspace       used 65491K, committed 66048K, reserved 1114112K
  class space    used 9565K, committed 9856K, reserved 1048576K
}
Event: 4.196 GC heap after
{Heap after GC invocations=14 (full 0):
 garbage-first heap   total 103424K, used 33141K [0x0000000087600000, 0x0000000100000000)
  region size 1024K, 4 young (4096K), 4 survivors (4096K)
 Metaspace       used 65491K, committed 66048K, reserved 1114112K
  class space    used 9565K, committed 9856K, reserved 1048576K
}
Event: 4.480 GC heap before
{Heap before GC invocations=14 (full 0):
 garbage-first heap   total 103424K, used 80245K [0x0000000087600000, 0x0000000100000000)
  region size 1024K, 50 young (51200K), 4 survivors (4096K)
 Metaspace       used 69504K, committed 70080K, reserved 1114112K
  class space    used 10417K, committed 10688K, reserved 1048576K
}

