# JRE version: OpenJDK Runtime Environment (21.0.8+9) (build 21.0.8+9-Ubuntu-0ubuntu122.04.1)
# Java VM: OpenJDK 64-Bit Server VM (21.0.8+9-Ubuntu-0ubuntu122.04.1, mixed mode, emulated-client, sharing, tiered, compressed oops, compressed class ptrs, g1 gc, linux-amd64)
GC Precious Log:
 CardTable entry size: 512
 Card Set container configuration: InlinePtr #cards 5 size 8 Array Of Cards #cards 12 size 40 Howl #buckets 4 coarsen threshold 1843 Howl Bitmap #cards 512 size 80 coarsen threshold 460 Card regions per heap region 1 cards per card region 2048
 CPUs: 8 total, 8 available
 Memory: 7718M
 Large Page Support: Disabled
 NUMA Support: Disabled
 Compressed Oops: Enabled (32-bit)
 Heap Region Size: 1M
 Heap Min Capacity: 8M
 Heap Initial Capacity: 122M
 Heap Max Capacity: 1930M
 Pre-touch: Disabled
 Parallel Workers: 8
 Concurrent Workers: 2
 Concurrent Refinement Workers: 8
 Periodic GC: Disabled
Heap:
 garbage-first heap   total 69632K, used 50939K [0x0000000087600000, 0x0000000100000000)
  region size 1024K, 34 young (34816K), 2 survivors (2048K)
 Metaspace       used 31404K, committed 31808K, reserved 1114112K
  class space    used 4438K, committed 4608K, reserved 1048576K
GC Heap History (9 events):
Event: 0.476 GC heap before
{Heap before GC invocations=0 (full 0):
 garbage-first heap   total 126976K, used 25650K [0x0000000087600000, 0x0000000100000000)
  region size 1024K, 23 young (23552K), 0 survivors (0K)
 Metaspace       used 5069K, committed 5248K, reserved 1114112K
  class space    used 671K, committed 768K, reserved 1048576K
}
Event: 0.479 GC heap after
{Heap after GC invocations=1 (full 0):
 garbage-first heap   total 126976K, used 8263K [0x0000000087600000, 0x0000000100000000)
  region size 1024K, 3 young (3072K), 3 survivors (3072K)
 Metaspace       used 5069K, committed 5248K, reserved 1114112K
  class space    used 671K, committed 768K, reserved 1048576K
}
Event: 1.220 GC heap before
{Heap before GC invocations=1 (full 0):
 garbage-first heap   total 126976K, used 41031K [0x0000000087600000, 0x0000000100000000)
  region size 1024K, 36 young (36864K), 3 survivors (3072K)
 Metaspace       used 12050K, committed 12416K, reserved 1114112K
  class space    used 1842K, committed 1984K, reserved 1048576K
}
Event: 1.228 GC heap after
{Heap after GC invocations=2 (full 0):
 garbage-first heap   total 126976K, used 10923K [0x0000000087600000, 0x0000000100000000)
  region size 1024K, 3 young (3072K), 3 survivors (3072K)
 Metaspace       used 12050K, committed 12416K, reserved 1114112K
  class space    used 1842K, committed 1984K, reserved 1048576K
}
Event: 1.892 GC heap before
{Heap before GC invocations=2 (full 0):
 garbage-first heap   total 126976K, used 58027K [0x0000000087600000, 0x0000000100000000)
  region size 1024K, 51 young (52224K), 3 survivors (3072K)
 Metaspace       used 20628K, committed 21056K, reserved 1114112K
  class space    used 2918K, committed 3136K, reserved 1048576K
}
Event: 1.897 GC heap after
{Heap after GC invocations=3 (full 0):
 garbage-first heap   total 126976K, used 15510K [0x0000000087600000, 0x0000000100000000)
  region size 1024K, 8 young (8192K), 8 survivors (8192K)
 Metaspace       used 20628K, committed 21056K, reserved 1114112K
  class space    used 2918K, committed 3136K, reserved 1048576K
}
Event: 2.395 GC heap before
{Heap before GC invocations=4 (full 0):
 garbage-first heap   total 58368K, used 56470K [0x0000000087600000, 0x0000000100000000)
  region size 1024K, 48 young (49152K), 8 survivors (8192K)
 Metaspace       used 25098K, committed 25536K, reserved 1114112K
  class space    used 3590K, committed 3776K, reserved 1048576K
}
Event: 2.401 GC heap after
{Heap after GC invocations=5 (full 0):
 garbage-first heap   total 69632K, used 18171K [0x0000000087600000, 0x0000000100000000)
  region size 1024K, 8 young (8192K), 8 survivors (8192K)
 Metaspace       used 25098K, committed 25536K, reserved 1114112K
  class space    used 3590K, committed 3776K, reserved 1048576K
}
Event: 2.774 GC heap before
{Heap before GC invocations=5 (full 0):
 garbage-first heap   total 69632K, used 50939K [0x0000000087600000, 0x0000000100000000)
  region size 1024K, 40 young (40960K), 8 survivors (8192K)
 Metaspace       used 31404K, committed 31808K, reserved 1114112K
  class space    used 4438K, committed 4608K, reserved 1048576K
}

