<?xml version="1.0" encoding="UTF-8"?>
<testsuite xmlns:xsi="http://www.w3.org/2001/XMLSchema-instance" xsi:noNamespaceSchemaLocation="https://maven.apache.org/surefire/maven-surefire-plugin/xsd/surefire-test-report.xsd" version="3.0.2" name="com.kfarms.KfarmsBackendApplicationTests" time="12.096" tests="1" errors="0" skipped="0" failures="0">
  <properties>
[...]
</properties>
  <testcase name="contextLoads" classname="com.kfarms.KfarmsBackendApplicationTests" time="0.577">
    <system-out><![CDATA[Standard Commons Logging discovery in action with spring-jcl: please remove commons-logging.jar from classpath in order to avoid potential conflicts
23:43:40.471 [main] INFO org.springframework.test.context.support.AnnotationConfigContextLoaderUtils -- Could not detect default configuration classes for test class [com.kfarms.KfarmsBackendApplicationTests]: KfarmsBackendApplicationTests does not declare any static, non-private, non-final, nested classes annotated with @Configuration.
23:43:40.702 [main] INFO org.springframework.boot.test.context.SpringBootTestContextBootstrapper -- Found @SpringBootConfiguration com.kfarms.KfarmsBackendApplication for test class com.kfarms.KfarmsBackendApplicationTests

  .   ____          _            __ _ _
 /\\ / ___'_ __ _ _(_)_ __  __ _ \ \ \ \
( ( )\___ | '_ | '_| | '_ \/ _` | \ \ \ \
 \\/  ___)| |_)| | | | | || (_| |  ) ) ) )
  '  |____| .__|_| |_|_| |_\__, | / / / /
 =========|_|==============|___/=/_/_/_/

 :: Spring Boot ::                (v3.5.3)

2025-11-14T23:43:41.919+01:00  INFO 15767 --- [           main] c.kfarms.KfarmsBackendApplicationTests   : Starting KfarmsBackendApplicationTests using Java 17.0.16 with PID 15767 (started by lee in /home/lee/Documents/kfarms-backend)
2025-11-14T23:43:41.921+01:00  INFO 15767 --- [           main] c.kfarms.KfarmsBackendApplicationTests   : No active profile set, falling back to 1 default profile: "default"
2025-11-14T23:43:43.588+01:00  INFO 15767 --- [           main] .s.d.r.c.RepositoryConfigurationDelegate : Bootstrapping Spring Data JPA repositories in DEFAULT mode.
2025-11-14T23:43:43.695+01:00  INFO 15767 --- [           main] .s.d.r.c.RepositoryConfigurationDelegate : Finished Spring Data repository scanning in 100 ms. Found 11 JPA repository interfaces.
2025-11-14T23:43:44.617+01:00  INFO 15767 --- [           main] o.hibernate.jpa.internal.util.LogHelper  : HHH000204: Processing PersistenceUnitInfo [name: default]
2025-11-14T23:43:44.891+01:00  INFO 15767 --- [           main] org.hibernate.Version                    : HHH000412: Hibernate ORM core version 6.6.18.Final
2025-11-14T23:43:44.926+01:00  INFO 15767 --- [           main] o.h.c.internal.RegionFactoryInitiator    : HHH000026: Second-level cache disabled
2025-11-14T23:43:45.186+01:00  INFO 15767 --- [           main] o.s.o.j.p.SpringPersistenceUnitInfo      : No LoadTimeWeaver setup: ignoring JPA class transformer
2025-11-14T23:43:45.213+01:00  INFO 15767 --- [           main] com.zaxxer.hikari.HikariDataSource       : HikariPool-1 - Starting...
2025-11-14T23:43:45.499+01:00  INFO 15767 --- [           main] com.zaxxer.hikari.pool.HikariPool        : HikariPool-1 - Added connection org.postgresql.jdbc.PgConnection@23bd2f6e
2025-11-14T23:43:45.502+01:00  INFO 15767 --- [           main] com.zaxxer.hikari.HikariDataSource       : HikariPool-1 - Start completed.
2025-11-14T23:43:45.545+01:00  WARN 15767 --- [           main] org.hibernate.orm.deprecation            : HHH90000025: PostgreSQLDialect does not need to be specified explicitly using 'hibernate.dialect' (remove the property setting and it will be selected by default)
2025-11-14T23:43:45.566+01:00  INFO 15767 --- [           main] org.hibernate.orm.connections.pooling    : HHH10001005: Database info:
	Database JDBC URL [Connecting through datasource 'HikariDataSource (HikariPool-1)']
	Database driver: undefined/unknown
	Database version: 14.19
	Autocommit mode: undefined/unknown
	Isolation level: undefined/unknown
	Minimum pool size: undefined/unknown
	Maximum pool size: undefined/unknown
2025-11-14T23:43:45.572+01:00 DEBUG 15767 --- [           main] o.h.t.d.sql.spi.DdlTypeRegistry          : addDescriptor(2003, org.hibernate.type.descriptor.sql.internal.ArrayDdlTypeImpl@93f15f6) replaced previous registration(org.hibernate.type.descriptor.sql.internal.ArrayDdlTypeImpl@5034681f)
2025-11-14T23:43:45.572+01:00 DEBUG 15767 --- [           main] o.h.t.d.sql.spi.DdlTypeRegistry          : addDescriptor(6, org.hibernate.type.descriptor.sql.internal.CapacityDependentDdlType@1dfe5dd1) replaced previous registration(org.hibernate.type.descriptor.sql.internal.DdlTypeImpl@1fe05fff)
2025-11-14T23:43:47.051+01:00  INFO 15767 --- [           main] o.h.e.t.j.p.i.JtaPlatformInitiator       : HHH000489: No JTA platform available (set 'hibernate.transaction.jta.platform' to enable JTA platform integration)
2025-11-14T23:43:47.604+01:00  INFO 15767 --- [           main] j.LocalContainerEntityManagerFactoryBean : Initialized JPA EntityManagerFactory for persistence unit 'default'
2025-11-14T23:43:47.893+01:00  INFO 15767 --- [           main] r$InitializeUserDetailsManagerConfigurer : Global AuthenticationManager configured with UserDetailsService bean with name customUserDetailsService
✅ AuthController loaded!
2025-11-14T23:43:47.985+01:00  INFO 15767 --- [           main] o.s.d.j.r.query.QueryEnhancerFactory     : Hibernate is in classpath; If applicable, HQL parser will be used.
✅ JPA Auditing Enabled!
2025-11-14T23:43:50.893+01:00  WARN 15767 --- [           main] JpaBaseConfiguration$JpaWebConfiguration : spring.jpa.open-in-view is enabled by default. Therefore, database queries may be performed during view rendering. Explicitly configure spring.jpa.open-in-view to disable this warning
2025-11-14T23:43:51.474+01:00  INFO 15767 --- [           main] c.kfarms.KfarmsBackendApplicationTests   : Started KfarmsBackendApplicationTests in 10.465 seconds (process running for 12.569)
]]></system-out>
  </testcase>
</testsuite>